#
# There is insufficient memory for the Java Runtime Environment to continue.
# Native memory allocation (mmap) failed to map 67108864 bytes. Error detail: G1 virtual space
# Possible reasons:
#   The system is out of physical RAM or swap space
#   This process is running with CompressedOops enabled, and the Java Heap may be blocking the growth of the native heap
# Possible solutions:
#   Reduce memory load on the system
#   Increase physical memory or swap space
#   Check if swap backing store is full
#   Decrease Java heap size (-Xmx/-Xms)
#   Decrease number of Java threads
#   Decrease Java thread stack sizes (-Xss)
#   Set larger code cache with -XX:ReservedCodeCacheSize=
#   JVM is running with Unscaled Compressed Oops mode in which the Java heap is
#     placed in the first 4GB address space. The Java Heap base address is the
#     maximum limit for the native heap growth. Please use -XX:HeapBaseMinAddress
#     to set the Java Heap base and to place the Java Heap above 4GB virtual address.
# This output file may be truncated or incomplete.
#
#  Out of Memory Error (os_windows.cpp:3613), pid=8060, tid=11920
#
# JRE version:  (17.0.11+9) (build )
# Java VM: OpenJDK 64-Bit Server VM (17.0.11+9-LTS, mixed mode, sharing, tiered, compressed oops, compressed class ptrs, g1 gc, windows-amd64)
# No core dump will be written. Minidumps are not enabled by default on client versions of Windows
#

---------------  S U M M A R Y ------------

Command Line: -Xmx64m -Xms64m -Dorg.gradle.appname=gradlew org.gradle.wrapper.GradleWrapperMain app:bundleRelease

Host: 11th Gen Intel(R) Core(TM) i3-1115G4 @ 3.00GHz, 4 cores, 7G,  Windows 11 , 64 bit Build 22621 (10.0.22621.3527)
Time: Tue May 28 12:02:38 2024 SE Asia Standard Time elapsed time: 0.011168 seconds (0d 0h 0m 0s)

---------------  T H R E A D  ---------------

Current thread (0x0000029261c7e2d0):  JavaThread "Unknown thread" [_thread_in_vm, id=11920, stack(0x000000e308900000,0x000000e308a00000)]

Stack: [0x000000e308900000,0x000000e308a00000]
Native frames: (J=compiled Java code, j=interpreted, Vv=VM code, C=native code)
V  [jvm.dll+0x67f6d9]
V  [jvm.dll+0x83773a]
V  [jvm.dll+0x8391fe]
V  [jvm.dll+0x839863]
V  [jvm.dll+0x247fbf]
V  [jvm.dll+0x67c519]
V  [jvm.dll+0x670f8a]
V  [jvm.dll+0x309bdb]
V  [jvm.dll+0x311086]
V  [jvm.dll+0x360a6e]
V  [jvm.dll+0x360c9f]
V  [jvm.dll+0x2e0928]
V  [jvm.dll+0x2e1894]
V  [jvm.dll+0x8090e1]
V  [jvm.dll+0x36e7c1]
V  [jvm.dll+0x7e7b06]
V  [jvm.dll+0x3f202f]
V  [jvm.dll+0x3f3b81]
C  [jli.dll+0x528f]
C  [ucrtbase.dll+0x29333]
C  [KERNEL32.DLL+0x1257d]
C  [ntdll.dll+0x5aa48]


---------------  P R O C E S S  ---------------

Threads class SMR info:
_java_thread_list=0x00007ff8fc3b2f18, length=0, elements={
}

Java Threads: ( => current thread )

Other Threads:
  0x0000029261c9db00 GCTaskThread "GC Thread#0" [stack: 0x000000e308a00000,0x000000e308b00000] [id=10148]
  0x0000029261c9f250 ConcurrentGCThread "G1 Main Marker" [stack: 0x000000e308b00000,0x000000e308c00000] [id=13420]
  0x0000029261ca0c80 ConcurrentGCThread "G1 Conc#0" [stack: 0x000000e308c00000,0x000000e308d00000] [id=17316]

[error occurred during error reporting (printing all threads), id 0xc0000005, EXCEPTION_ACCESS_VIOLATION (0xc0000005) at pc=0x00007ff8fbb71367]

VM state: not at safepoint (not fully initialized)

VM Mutex/Monitor currently owned by a thread:  ([mutex/lock_event])
[0x0000029261c79870] Heap_lock - owner thread: 0x0000029261c7e2d0

Heap address: 0x00000000fc000000, size: 64 MB, Compressed Oops mode: 32-bit

CDS archive(s) mapped at: [0x0000000000000000-0x0000000000000000-0x0000000000000000), size 0, SharedBaseAddress: 0x0000000800000000, ArchiveRelocationMode: 1.
Narrow klass base: 0x0000000000000000, Narrow klass shift: 0, Narrow klass range: 0x0

GC Precious Log:
<Empty>

Heap:
 garbage-first heap   total 0K, used 0K [0x00000000fc000000, 0x0000000100000000)
  region size 1024K, 0 young (0K), 0 survivors (0K)

[error occurred during error reporting (printing heap information), id 0xc0000005, EXCEPTION_ACCESS_VIOLATION (0xc0000005) at pc=0x00007ff8fbf59a59]

GC Heap History (0 events):
No events

Dll operation events (1 events):
Event: 0.005 Loaded shared library C:\Program Files\Microsoft\jdk-17.0.11.9-hotspot\bin\java.dll

Deoptimization events (0 events):
No events

Classes unloaded (0 events):
No events

Classes redefined (0 events):
No events

Internal exceptions (0 events):
No events

VM Operations (0 events):
No events

Events (0 events):
No events


Dynamic libraries:
0x00007ff7d11b0000 - 0x00007ff7d11be000 	C:\Program Files\Microsoft\jdk-17.0.11.9-hotspot\bin\java.exe
0x00007ff94ee70000 - 0x00007ff94f087000 	C:\WINDOWS\SYSTEM32\ntdll.dll
0x00007ff94d840000 - 0x00007ff94d904000 	C:\WINDOWS\System32\KERNEL32.DLL
0x00007ff94c6a0000 - 0x00007ff94ca47000 	C:\WINDOWS\System32\KERNELBASE.dll
0x00007ff94c250000 - 0x00007ff94c361000 	C:\WINDOWS\System32\ucrtbase.dll
0x00007ff93bac0000 - 0x00007ff93badb000 	C:\Program Files\Microsoft\jdk-17.0.11.9-hotspot\bin\VCRUNTIME140.dll
0x00007ff93bb20000 - 0x00007ff93bb37000 	C:\Program Files\Microsoft\jdk-17.0.11.9-hotspot\bin\jli.dll
0x00007ff94dff0000 - 0x00007ff94e19e000 	C:\WINDOWS\System32\USER32.dll
0x00007ff94ca50000 - 0x00007ff94ca76000 	C:\WINDOWS\System32\win32u.dll
0x00007ff9309c0000 - 0x00007ff930c53000 	C:\WINDOWS\WinSxS\amd64_microsoft.windows.common-controls_6595b64144ccf1df_6.0.22621.3527_none_270e469b73872a76\COMCTL32.dll
0x00007ff94d4c0000 - 0x00007ff94d4e9000 	C:\WINDOWS\System32\GDI32.dll
0x00007ff94e2c0000 - 0x00007ff94e367000 	C:\WINDOWS\System32\msvcrt.dll
0x00007ff94ca80000 - 0x00007ff94cb99000 	C:\WINDOWS\System32\gdi32full.dll
0x00007ff94c590000 - 0x00007ff94c62a000 	C:\WINDOWS\System32\msvcp_win.dll
0x00007ff94d070000 - 0x00007ff94d0a1000 	C:\WINDOWS\System32\IMM32.DLL
0x00007ff93d350000 - 0x00007ff93d35c000 	C:\Program Files\Microsoft\jdk-17.0.11.9-hotspot\bin\vcruntime140_1.dll
0x00007ff9088e0000 - 0x00007ff90896d000 	C:\Program Files\Microsoft\jdk-17.0.11.9-hotspot\bin\msvcp140.dll
0x00007ff8fb880000 - 0x00007ff8fc4e6000 	C:\Program Files\Microsoft\jdk-17.0.11.9-hotspot\bin\server\jvm.dll
0x00007ff94dd90000 - 0x00007ff94de42000 	C:\WINDOWS\System32\ADVAPI32.dll
0x00007ff94de50000 - 0x00007ff94def8000 	C:\WINDOWS\System32\sechost.dll
0x00007ff94c560000 - 0x00007ff94c588000 	C:\WINDOWS\System32\bcrypt.dll
0x00007ff94e1a0000 - 0x00007ff94e2b5000 	C:\WINDOWS\System32\RPCRT4.dll
0x00007ff94c050000 - 0x00007ff94c09d000 	C:\WINDOWS\SYSTEM32\POWRPROF.dll
0x00007ff93cd30000 - 0x00007ff93cd39000 	C:\WINDOWS\SYSTEM32\WSOCK32.dll
0x00007ff94d5f0000 - 0x00007ff94d661000 	C:\WINDOWS\System32\WS2_32.dll
0x00007ff93ff30000 - 0x00007ff93ff64000 	C:\WINDOWS\SYSTEM32\WINMM.dll
0x00007ff93f840000 - 0x00007ff93f84a000 	C:\WINDOWS\SYSTEM32\VERSION.dll
0x00007ff94c030000 - 0x00007ff94c043000 	C:\WINDOWS\SYSTEM32\UMPDC.dll
0x00007ff94b180000 - 0x00007ff94b198000 	C:\WINDOWS\SYSTEM32\kernel.appcore.dll
0x00007ff93cb80000 - 0x00007ff93cb8a000 	C:\Program Files\Microsoft\jdk-17.0.11.9-hotspot\bin\jimage.dll
0x00007ff949b10000 - 0x00007ff949d42000 	C:\WINDOWS\SYSTEM32\DBGHELP.DLL
0x00007ff94d110000 - 0x00007ff94d498000 	C:\WINDOWS\System32\combase.dll
0x00007ff94e430000 - 0x00007ff94e507000 	C:\WINDOWS\System32\OLEAUT32.dll
0x00007ff92c190000 - 0x00007ff92c1c2000 	C:\WINDOWS\SYSTEM32\dbgcore.DLL
0x00007ff94c4e0000 - 0x00007ff94c559000 	C:\WINDOWS\System32\bcryptPrimitives.dll
0x00007ff93cb50000 - 0x00007ff93cb75000 	C:\Program Files\Microsoft\jdk-17.0.11.9-hotspot\bin\java.dll

dbghelp: loaded successfully - version: 4.0.5 - missing functions: none
symbol engine: initialized successfully - sym options: 0x614 - pdb path: .;C:\Program Files\Microsoft\jdk-17.0.11.9-hotspot\bin;C:\WINDOWS\SYSTEM32;C:\WINDOWS\WinSxS\amd64_microsoft.windows.common-controls_6595b64144ccf1df_6.0.22621.3527_none_270e469b73872a76;C:\Program Files\Microsoft\jdk-17.0.11.9-hotspot\bin\server

VM Arguments:
jvm_args: -Xmx64m -Xms64m -Dorg.gradle.appname=gradlew 
java_command: org.gradle.wrapper.GradleWrapperMain app:bundleRelease
java_class_path (initial): D:\DataYoas\ReactNative\MqttMyHome\android\\gradle\wrapper\gradle-wrapper.jar
Launcher Type: SUN_STANDARD

[Global flags]
     intx CICompilerCount                          = 3                                         {product} {ergonomic}
     uint ConcGCThreads                            = 1                                         {product} {ergonomic}
     uint G1ConcRefinementThreads                  = 4                                         {product} {ergonomic}
   size_t G1HeapRegionSize                         = 1048576                                   {product} {ergonomic}
    uintx GCDrainStackTargetSize                   = 64                                        {product} {ergonomic}
   size_t InitialHeapSize                          = 67108864                                  {product} {command line}
   size_t MarkStackSize                            = 4194304                                   {product} {ergonomic}
   size_t MaxHeapSize                              = 67108864                                  {product} {command line}
   size_t MinHeapDeltaBytes                        = 1048576                                   {product} {ergonomic}
   size_t MinHeapSize                              = 67108864                                  {product} {command line}
    uintx NonNMethodCodeHeapSize                   = 5832780                                {pd product} {ergonomic}
    uintx NonProfiledCodeHeapSize                  = 122912730                              {pd product} {ergonomic}
    uintx ProfiledCodeHeapSize                     = 122912730                              {pd product} {ergonomic}
    uintx ReservedCodeCacheSize                    = 251658240                              {pd product} {ergonomic}
     bool SegmentedCodeCache                       = true                                      {product} {ergonomic}
   size_t SoftMaxHeapSize                          = 67108864                               {manageable} {ergonomic}
     bool UseCompressedClassPointers               = true                           {product lp64_product} {ergonomic}
     bool UseCompressedOops                        = true                           {product lp64_product} {ergonomic}
     bool UseG1GC                                  = true                                      {product} {ergonomic}
     bool UseLargePagesIndividualAllocation        = false                                  {pd product} {ergonomic}

Logging:
Log output configuration:
 #0: stdout all=warning uptime,level,tags
 #1: stderr all=off uptime,level,tags

Environment Variables:
JAVA_HOME=C:\Program Files\Microsoft\jdk-17.0.11.9-hotspot\
CLASSPATH=D:\DataYoas\ReactNative\MqttMyHome\android\\gradle\wrapper\gradle-wrapper.jar
PATH=D:\DataYoas\ReactNative\MqttMyHome\node_modules\.bin;D:\DataYoas\ReactNative\MqttMyHome\android\node_modules\.bin;D:\DataYoas\ReactNative\MqttMyHome\node_modules\.bin;D:\DataYoas\ReactNative\node_modules\.bin;D:\DataYoas\node_modules\.bin;D:\node_modules\.bin;C:\Users\User\AppData\Roaming\npm\node_modules\npm\node_modules\@npmcli\run-script\lib\node-gyp-bin;C:\Program Files\Microsoft\jdk-17.0.11.9-hotspot\bin;C:\Python312\Scripts\;C:\Python312\;C:\Program Files\Common Files\Oracle\Java\javapath;C:\WINDOWS\system32;C:\WINDOWS;C:\WINDOWS\System32\Wbem;C:\WINDOWS\System32\WindowsPowerShell\v1.0\;C:\WINDOWS\System32\OpenSSH\;D:\Windows Kits\10\Windows Performance Toolkit\;C:\ProgramData\ComposerSetup\bin;C:\ProgramData\chocolatey\bin;C:\Program Files (x86)\Yarn\bin\;D:\DataYoas\flutter\bin;D:\DataYoas\Git\cmd;D:\DataYoas\xampp\php;D:\DataYoas\nodejs\;D:\DataYoas\Android\sdk\platform-tools;D:\DataYoas\Android\sdk;D:\DataYoas\Mosquitto;D:\DataYoas\Java\jdk-17.0.1\bin;C:\Program Files\Git\cmd;D:\DataYoas\Android\sdk\emulator;C:\Users\User\AppData\Local\Microsoft\WindowsApps;C:\Users\User\AppData\Roaming\Composer\vendor\bin;C:\Users\User\AppData\Roaming\npm;C:\Users\User\AppData\Local\Yarn\bin;D:\DataYoas\Microsoft VS Code\bin;D:\DataYoas\Android\sdk;D:\DataYoas\Android\sdk\platform-tools;D:\DataYoas\Java\jdk-17.0.1\bin;D:\DataYoas\Android\sdk\emulator;
USERNAME=User
LANG=en_US.UTF-8
OS=Windows_NT
PROCESSOR_IDENTIFIER=Intel64 Family 6 Model 140 Stepping 1, GenuineIntel
TMP=C:\Users\User\AppData\Local\Temp
TEMP=C:\Users\User\AppData\Local\Temp



Periodic native trim disabled


---------------  S Y S T E M  ---------------

OS:
 Windows 11 , 64 bit Build 22621 (10.0.22621.3527)
OS uptime: 5 days 10:34 hours
Hyper-V role detected

CPU: total 4 (initial active 4) (2 cores per cpu, 2 threads per core) family 6 model 140 stepping 1 microcode 0xb4, cx8, cmov, fxsr, ht, mmx, 3dnowpref, sse, sse2, sse3, ssse3, sse4.1, sse4.2, popcnt, lzcnt, tsc, tscinvbit, avx, avx2, aes, erms, clmul, bmi1, bmi2, adx, avx512f, avx512dq, avx512cd, avx512bw, avx512vl, sha, fma, vzeroupper, avx512_vpopcntdq, avx512_vpclmulqdq, avx512_vaes, avx512_vnni, clflush, clflushopt, clwb, avx512_vbmi2, avx512_vbmi, hv
Processor Information for all 4 processors :
  Max Mhz: 2995, Current Mhz: 2995, Mhz Limit: 2995

Memory: 4k page, system-wide physical 7859M (365M free)
TotalPageFile size 16458M (AvailPageFile size 60M)
current process WorkingSet (physical memory assigned to process): 11M, peak: 11M
current process commit charge ("private bytes"): 51M, peak: 115M

vm_info: OpenJDK 64-Bit Server VM (17.0.11+9-LTS) for windows-amd64 JRE (17.0.11+9-LTS), built on Apr  9 2024 22:05:54 by "MicrosoftCorporation" with MS VC++ 16.10 / 16.11 (VS2019)

END.
